2025-03-04 16:04:14,959 - emg_processor - INFO - EMG Processor initialized
2025-03-04 16:04:14,959 - db_connector - INFO - Database connector initialized
2025-03-04 16:04:14,960 - emg_pipeline - INFO - EMG Pipeline initialized with data directory: C:\Users\alex.britton\Documents\DelsysTesting\EMGanalysis\V2_REPO
2025-03-04 16:04:14,960 - emg_pipeline - INFO - Using batch size of 1000 for DB operations
2025-03-04 16:04:44,111 - emg_processor - INFO - EMG Processor initialized
2025-03-04 16:04:44,111 - db_connector - INFO - Database connector initialized
2025-03-04 16:04:44,112 - emg_pipeline - INFO - EMG Pipeline initialized with data directory: C:\Users\alex.britton\Documents\DelsysTesting\EMGanalysis\V2_REPO
2025-03-04 16:04:44,112 - emg_pipeline - INFO - Using batch size of 1000 for DB operations
2025-03-04 16:04:44,115 - __main__ - ERROR - Error in processing thread
Traceback (most recent call last):
  File "C:\Users\alex.britton\Documents\DelsysTesting\EMGanalysis\V2_REPO\gui_app.py", line 370, in run_processing
    self.append_log(f"{'Dry run' if dry_run else 'Processing'} started at {datetime.datetime.now().strftime('%H:%M:%S')}")
                                                                           ^^^^^^^^
NameError: name 'datetime' is not defined. Did you forget to import 'datetime'
2025-03-04 16:05:53,893 - emg_processor - INFO - EMG Processor initialized
2025-03-04 16:05:53,893 - db_connector - INFO - Database connector initialized
2025-03-04 16:05:53,893 - emg_pipeline - INFO - EMG Pipeline initialized with data directory: C:\Users\alex.britton\Documents\DelsysTesting\EMGanalysis\V2_REPO
2025-03-04 16:05:53,893 - emg_pipeline - INFO - Using batch size of 1000 for DB operations
2025-03-04 16:06:11,032 - emg_processor - INFO - EMG Processor initialized
2025-03-04 16:06:11,032 - db_connector - INFO - Database connector initialized
2025-03-04 16:06:11,032 - emg_pipeline - INFO - EMG Pipeline initialized with data directory: C:\Users\alex.britton\Documents\DelsysTesting\EMGanalysis\V2_REPO
2025-03-04 16:06:11,032 - emg_pipeline - INFO - Using batch size of 1000 for DB operations
2025-03-04 16:06:11,037 - emg_pipeline - INFO - Processing directory: C:/Users/alex.britton/Documents/DelsysTesting/DataSet (recursive=False)
2025-03-04 16:06:11,369 - db_connector - INFO - Connected to database theia_pitching_db
2025-03-04 16:06:11,993 - db_connector - INFO - Database tables created/verified successfully
2025-03-04 16:06:11,993 - emg_pipeline - INFO - Found 5 files to process
2025-03-04 16:06:12,006 - emg_pipeline - INFO - Processing file: C:/Users/alex.britton/Documents/DelsysTesting/DataSet\021925_117946_AlexBritton_longform.csv
2025-03-04 16:06:12,006 - emg_processor - WARNING - Invalid date format in filename: 021925
2025-03-04 16:06:12,006 - emg_processor - INFO - Loading file: C:/Users/alex.britton/Documents/DelsysTesting/DataSet\021925_117946_AlexBritton_longform.csv
2025-03-04 16:06:15,743 - emg_processor - INFO - Data loaded: FCU: 1486360 samples, FCR: 2535556 samples
2025-03-04 16:06:17,741 - db_connector - INFO - Connected to database theia_pitching_db
2025-03-04 16:10:48,864 - emg_processor - INFO - EMG Processor initialized
2025-03-04 16:10:48,864 - db_connector - INFO - Database connector initialized
2025-03-04 16:10:48,865 - emg_pipeline - INFO - EMG Pipeline initialized with data directory: C:\Users\alex.britton\Documents\DelsysTesting\EMGanalysis\V2_REPO
2025-03-04 16:10:48,865 - emg_pipeline - INFO - Using batch size of 1000 for DB operations
2025-03-04 16:10:57,785 - emg_processor - INFO - EMG Processor initialized
2025-03-04 16:10:57,785 - db_connector - INFO - Database connector initialized
2025-03-04 16:10:57,785 - emg_pipeline - INFO - EMG Pipeline initialized with data directory: C:\Users\alex.britton\Documents\DelsysTesting\EMGanalysis\V2_REPO
2025-03-04 16:10:57,786 - emg_pipeline - INFO - Using batch size of 1000 for DB operations
2025-03-04 16:10:57,786 - db_connector - INFO - Database connector initialized
2025-03-04 16:10:58,119 - db_connector - INFO - Connected to database theia_pitching_db
2025-03-04 16:10:58,292 - db_connector - INFO - Database connection test successful. Found 3 EMG tables.
2025-03-04 16:10:58,293 - db_connector - INFO - Database connection closed
2025-03-04 16:11:16,546 - emg_processor - INFO - EMG Processor initialized
2025-03-04 16:11:16,547 - db_connector - INFO - Database connector initialized
2025-03-04 16:11:16,547 - emg_pipeline - INFO - EMG Pipeline initialized with data directory: C:\Users\alex.britton\Documents\DelsysTesting\EMGanalysis\V2_REPO
2025-03-04 16:11:16,547 - emg_pipeline - INFO - Using batch size of 1000 for DB operations
2025-03-04 16:11:16,554 - emg_pipeline - INFO - Processing directory: C:/Users/alex.britton/Documents/DelsysTesting/DataSet (recursive=True)
2025-03-04 16:11:16,885 - db_connector - INFO - Connected to database theia_pitching_db
2025-03-04 16:11:17,385 - db_connector - INFO - Database tables created/verified successfully
2025-03-04 16:11:17,386 - emg_pipeline - INFO - Found 5 files to process
2025-03-04 16:11:17,396 - emg_pipeline - INFO - Processing file: C:/Users/alex.britton/Documents/DelsysTesting/DataSet\021925_117946_AlexBritton_longform.csv
2025-03-04 16:11:17,396 - emg_processor - WARNING - Invalid date format in filename: 021925
2025-03-04 16:11:17,397 - emg_processor - INFO - Loading file: C:/Users/alex.britton/Documents/DelsysTesting/DataSet\021925_117946_AlexBritton_longform.csv
2025-03-04 16:11:21,339 - emg_processor - INFO - Data loaded: FCU: 1486360 samples, FCR: 2535556 samples
2025-03-04 16:11:23,087 - db_connector - INFO - Connected to database theia_pitching_db
2025-03-04 16:16:49,935 - emg_pipeline - INFO - Successfully saved data for session 021925_117946_AlexBritton_longform to database
2025-03-04 16:16:49,936 - db_connector - INFO - Database connection closed
2025-03-04 16:16:49,938 - emg_pipeline - INFO - Processing file: C:/Users/alex.britton/Documents/DelsysTesting/DataSet\022725_117958_CarterWallace_mocap.csv
2025-03-04 16:16:49,939 - emg_processor - WARNING - Invalid date format in filename: 022725
2025-03-04 16:16:49,939 - emg_processor - INFO - Loading file: C:/Users/alex.britton/Documents/DelsysTesting/DataSet\022725_117958_CarterWallace_mocap.csv
2025-03-04 16:16:50,620 - emg_processor - INFO - Data loaded: FCU: 459968 samples, FCR: 459968 samples
2025-03-04 16:16:51,215 - db_connector - INFO - Connected to database theia_pitching_db
2025-03-04 16:17:50,524 - emg_pipeline - INFO - Successfully saved data for session 022725_117958_CarterWallace_mocap to database
2025-03-04 16:17:50,525 - db_connector - INFO - Database connection closed
2025-03-04 16:17:50,525 - emg_pipeline - INFO - Processing file: C:/Users/alex.britton/Documents/DelsysTesting/DataSet\022725_118107_DarielFregio_mocap.csv
2025-03-04 16:17:50,525 - emg_processor - WARNING - Invalid date format in filename: 022725
2025-03-04 16:17:50,526 - emg_processor - INFO - Loading file: C:/Users/alex.britton/Documents/DelsysTesting/DataSet\022725_118107_DarielFregio_mocap.csv
2025-03-04 16:17:51,524 - emg_processor - INFO - Data loaded: FCU: 662098 samples, FCR: 662098 samples
2025-03-04 16:17:52,240 - db_connector - INFO - Connected to database theia_pitching_db
2025-03-04 16:19:18,436 - emg_pipeline - INFO - Successfully saved data for session 022725_118107_DarielFregio_mocap to database
2025-03-04 16:19:18,436 - db_connector - INFO - Database connection closed
2025-03-04 16:19:18,437 - emg_pipeline - INFO - Processing file: C:/Users/alex.britton/Documents/DelsysTesting/DataSet\030425_102245_MateoHamm_mocap.csv
2025-03-04 16:19:18,437 - emg_processor - WARNING - Invalid date format in filename: 030425
2025-03-04 16:19:18,437 - emg_processor - INFO - Loading file: C:/Users/alex.britton/Documents/DelsysTesting/DataSet\030425_102245_MateoHamm_mocap.csv
2025-03-04 16:19:20,415 - emg_processor - INFO - Data loaded: FCU: 1217361 samples, FCR: 1217361 samples
2025-03-04 16:19:21,581 - db_connector - INFO - Connected to database theia_pitching_db
2025-03-04 16:21:57,295 - emg_pipeline - INFO - Successfully saved data for session 030425_102245_MateoHamm_mocap to database
2025-03-04 16:21:57,295 - db_connector - INFO - Database connection closed
2025-03-04 16:21:57,296 - emg_pipeline - INFO - Processing file: C:/Users/alex.britton/Documents/DelsysTesting/DataSet\030425_118085_JayceBlair_mocap.csv
2025-03-04 16:21:57,296 - emg_processor - WARNING - Invalid date format in filename: 030425
2025-03-04 16:21:57,296 - emg_processor - INFO - Loading file: C:/Users/alex.britton/Documents/DelsysTesting/DataSet\030425_118085_JayceBlair_mocap.csv
2025-03-04 16:21:58,878 - emg_processor - INFO - Data loaded: FCU: 823802 samples, FCR: 823802 samples
2025-03-04 16:21:59,986 - db_connector - INFO - Connected to database theia_pitching_db
2025-03-04 16:23:46,134 - emg_pipeline - INFO - Successfully saved data for session 030425_118085_JayceBlair_mocap to database
2025-03-04 16:23:46,134 - db_connector - INFO - Database connection closed
2025-03-04 16:23:46,135 - emg_pipeline - INFO - Directory processing complete. Successfully processed 5 of 5 files.
2025-03-05 10:04:02,025 - emg_processor - INFO - EMG Processor initialized
2025-03-05 10:04:02,025 - db_connector - INFO - Database connector initialized
2025-03-05 10:04:02,025 - emg_pipeline - INFO - EMG Pipeline initialized with data directory: C:\Users\alex.britton\Documents\DelsysTesting\EMGanalysis\V2_REPO
2025-03-05 10:04:02,025 - emg_pipeline - INFO - Using batch size of 1000 for DB operations
2025-03-05 10:04:15,783 - emg_processor - INFO - EMG Processor initialized
2025-03-05 10:04:15,783 - db_connector - INFO - Database connector initialized
2025-03-05 10:04:15,783 - emg_pipeline - INFO - EMG Pipeline initialized with data directory: C:\Users\alex.britton\Documents\DelsysTesting\EMGanalysis\V2_REPO
2025-03-05 10:04:15,783 - emg_pipeline - INFO - Using batch size of 1000 for DB operations
2025-03-05 10:04:15,790 - emg_pipeline - INFO - Processing directory: C:/Users/alex.britton/Documents/DelsysTesting/DataSet (recursive=True)
2025-03-05 10:04:16,120 - db_connector - INFO - Connected to database theia_pitching_db
2025-03-05 10:04:16,608 - db_connector - INFO - Database tables created/verified successfully
2025-03-05 10:04:16,609 - emg_pipeline - INFO - Found 5 files to process
2025-03-05 10:04:16,624 - emg_pipeline - INFO - Processing file: C:/Users/alex.britton/Documents/DelsysTesting/DataSet\021925_117946_AlexBritton_longform.csv
2025-03-05 10:04:16,624 - emg_processor - INFO - Successfully parsed date as %m%d%y: 2025-02-19
2025-03-05 10:04:16,624 - emg_processor - INFO - Loading file: C:/Users/alex.britton/Documents/DelsysTesting/DataSet\021925_117946_AlexBritton_longform.csv
2025-03-05 10:04:20,445 - emg_processor - INFO - Data loaded: FCU: 1486361 samples, FCR: 2535557 samples
2025-03-05 10:04:20,445 - emg_processor - INFO - Found 2 muscles in file
2025-03-05 10:04:22,566 - db_connector - INFO - Connected to database theia_pitching_db
2025-03-05 10:04:22,730 - emg_pipeline - INFO - Session 021925_117946_AlexBritton_longform already exists. Removing old data...
2025-03-05 10:05:22,231 - emg_pipeline - ERROR - Error saving to database: (1054, "Unknown column 'collection_date' in 'field list'")
2025-03-05 10:05:58,376 - db_connector - INFO - Database connection closed
2025-03-05 10:05:58,377 - emg_pipeline - ERROR - Failed to save C:/Users/alex.britton/Documents/DelsysTesting/DataSet\021925_117946_AlexBritton_longform.csv to database
2025-03-05 10:05:58,379 - emg_pipeline - INFO - Processing file: C:/Users/alex.britton/Documents/DelsysTesting/DataSet\022725_117958_CarterWallace_mocap.csv
2025-03-05 10:05:58,379 - emg_processor - INFO - Successfully parsed date as %m%d%y: 2025-02-27
2025-03-05 10:05:58,380 - emg_processor - INFO - Loading file: C:/Users/alex.britton/Documents/DelsysTesting/DataSet\022725_117958_CarterWallace_mocap.csv
2025-03-05 10:05:59,181 - emg_processor - INFO - Data loaded: FCU: 459969 samples, FCR: 459969 samples
2025-03-05 10:05:59,181 - emg_processor - INFO - Found 2 muscles in file
2025-03-05 10:05:59,869 - db_connector - INFO - Connected to database theia_pitching_db
2025-03-05 10:06:00,031 - emg_pipeline - INFO - Session 022725_117958_CarterWallace_mocap already exists. Removing old data...
2025-03-05 10:08:37,034 - emg_processor - INFO - EMG Processor initialized
2025-03-05 10:08:37,035 - db_connector - INFO - Database connector initialized
2025-03-05 10:08:37,035 - emg_pipeline - INFO - EMG Pipeline initialized with data directory: C:\Users\alex.britton\Documents\DelsysTesting\EMGanalysis\V2_REPO
2025-03-05 10:08:37,035 - emg_pipeline - INFO - Using batch size of 1000 for DB operations
2025-03-05 10:09:06,235 - emg_processor - INFO - EMG Processor initialized
2025-03-05 10:09:06,235 - db_connector - INFO - Database connector initialized
2025-03-05 10:09:06,235 - emg_pipeline - INFO - EMG Pipeline initialized with data directory: C:\Users\alex.britton\Documents\DelsysTesting\EMGanalysis\V2_REPO
2025-03-05 10:09:06,235 - emg_pipeline - INFO - Using batch size of 1000 for DB operations
2025-03-05 10:09:06,242 - emg_pipeline - INFO - Processing directory: C:/Users/alex.britton/Documents/DelsysTesting/DataSet (recursive=True)
2025-03-05 10:09:06,571 - db_connector - INFO - Connected to database theia_pitching_db
2025-03-05 10:09:07,071 - db_connector - INFO - Database tables created/verified successfully
2025-03-05 10:09:07,071 - emg_pipeline - INFO - Found 5 files to process
2025-03-05 10:09:07,080 - emg_pipeline - INFO - Processing file: C:/Users/alex.britton/Documents/DelsysTesting/DataSet\021925_117946_AlexBritton_longform.csv
2025-03-05 10:09:07,081 - emg_processor - INFO - Successfully parsed date as %m%d%y: 2025-02-19
2025-03-05 10:09:07,081 - emg_processor - INFO - Loading file: C:/Users/alex.britton/Documents/DelsysTesting/DataSet\021925_117946_AlexBritton_longform.csv
2025-03-05 10:09:12,003 - emg_processor - INFO - Data loaded: FCU: 1486361 samples, FCR: 2535557 samples
2025-03-05 10:09:12,003 - emg_processor - INFO - Found 2 muscles in file
2025-03-05 10:09:14,400 - db_connector - INFO - Connected to database theia_pitching_db
2025-03-05 10:14:21,827 - emg_pipeline - INFO - Successfully saved data for session 021925_117946_AlexBritton_longform to database
2025-03-05 10:14:21,827 - db_connector - INFO - Database connection closed
2025-03-05 10:14:21,827 - emg_pipeline - INFO - Processing file: C:/Users/alex.britton/Documents/DelsysTesting/DataSet\022725_117958_CarterWallace_mocap.csv
2025-03-05 10:14:21,828 - emg_processor - INFO - Successfully parsed date as %m%d%y: 2025-02-27
2025-03-05 10:14:21,828 - emg_processor - INFO - Loading file: C:/Users/alex.britton/Documents/DelsysTesting/DataSet\022725_117958_CarterWallace_mocap.csv
2025-03-05 10:14:22,513 - emg_processor - INFO - Data loaded: FCU: 459969 samples, FCR: 459969 samples
2025-03-05 10:14:22,513 - emg_processor - INFO - Found 2 muscles in file
2025-03-05 10:14:23,099 - db_connector - INFO - Connected to database theia_pitching_db
2025-03-05 10:15:29,112 - emg_pipeline - INFO - Successfully saved data for session 022725_117958_CarterWallace_mocap to database
2025-03-05 10:15:29,113 - db_connector - INFO - Database connection closed
2025-03-05 10:15:29,113 - emg_pipeline - INFO - Processing file: C:/Users/alex.britton/Documents/DelsysTesting/DataSet\022725_118107_DarielFregio_mocap.csv
2025-03-05 10:15:29,114 - emg_processor - INFO - Successfully parsed date as %m%d%y: 2025-02-27
2025-03-05 10:15:29,114 - emg_processor - INFO - Loading file: C:/Users/alex.britton/Documents/DelsysTesting/DataSet\022725_118107_DarielFregio_mocap.csv
2025-03-05 10:15:30,201 - emg_processor - INFO - Data loaded: FCU: 662099 samples, FCR: 662099 samples
2025-03-05 10:15:30,202 - emg_processor - INFO - Found 2 muscles in file
2025-03-05 10:15:30,908 - db_connector - INFO - Connected to database theia_pitching_db
2025-03-05 10:16:49,104 - emg_pipeline - INFO - Successfully saved data for session 022725_118107_DarielFregio_mocap to database
2025-03-05 10:16:49,105 - db_connector - INFO - Database connection closed
2025-03-05 10:16:49,105 - emg_pipeline - INFO - Processing file: C:/Users/alex.britton/Documents/DelsysTesting/DataSet\030425_102245_MateoHamm_mocap.csv
2025-03-05 10:16:49,106 - emg_processor - INFO - Successfully parsed date as %m%d%y: 2025-03-04
2025-03-05 10:16:49,106 - emg_processor - INFO - Loading file: C:/Users/alex.britton/Documents/DelsysTesting/DataSet\030425_102245_MateoHamm_mocap.csv
2025-03-05 10:16:50,941 - emg_processor - INFO - Data loaded: FCU: 1217362 samples, FCR: 1217362 samples
2025-03-05 10:16:50,941 - emg_processor - INFO - Found 2 muscles in file
2025-03-05 10:16:52,053 - db_connector - INFO - Connected to database theia_pitching_db
2025-03-05 10:19:14,320 - emg_pipeline - INFO - Successfully saved data for session 030425_102245_MateoHamm_mocap to database
2025-03-05 10:19:14,321 - db_connector - INFO - Database connection closed
2025-03-05 10:19:14,321 - emg_pipeline - INFO - Processing file: C:/Users/alex.britton/Documents/DelsysTesting/DataSet\030425_118085_JayceBlair_mocap.csv
2025-03-05 10:19:14,321 - emg_processor - INFO - Successfully parsed date as %m%d%y: 2025-03-04
2025-03-05 10:19:14,321 - emg_processor - INFO - Loading file: C:/Users/alex.britton/Documents/DelsysTesting/DataSet\030425_118085_JayceBlair_mocap.csv
2025-03-05 10:19:15,540 - emg_processor - INFO - Data loaded: FCU: 823803 samples, FCR: 823803 samples
2025-03-05 10:19:15,540 - emg_processor - INFO - Found 2 muscles in file
2025-03-05 10:19:16,368 - db_connector - INFO - Connected to database theia_pitching_db
2025-03-05 10:20:56,023 - emg_pipeline - INFO - Successfully saved data for session 030425_118085_JayceBlair_mocap to database
2025-03-05 10:20:56,023 - db_connector - INFO - Database connection closed
2025-03-05 10:20:56,024 - emg_pipeline - INFO - Directory processing complete. Successfully processed 5 of 5 files.
2025-03-05 12:33:27,639 - emg_processor - INFO - EMG Processor initialized
2025-03-05 12:33:27,640 - db_connector - INFO - Database connector initialized
2025-03-05 12:33:27,640 - emg_pipeline - INFO - EMG Pipeline initialized with data directory: C:\Users\alex.britton\Documents\DelsysTesting\EMGanalysis\V2_REPO
2025-03-05 12:33:27,640 - emg_pipeline - INFO - Using batch size of 1000 for DB operations
2025-03-05 12:33:47,372 - emg_processor - INFO - EMG Processor initialized
2025-03-05 12:33:47,372 - db_connector - INFO - Database connector initialized
2025-03-05 12:33:47,372 - emg_pipeline - INFO - EMG Pipeline initialized with data directory: C:\Users\alex.britton\Documents\DelsysTesting\EMGanalysis\V2_REPO
2025-03-05 12:33:47,373 - emg_pipeline - INFO - Using batch size of 1000 for DB operations
2025-03-05 12:33:47,377 - emg_pipeline - INFO - Processing single file: C:/Users/alex.britton/Documents/DelsysTesting/Pitching_DataSet/030525_021140_ZaneRose_veloday.csv
2025-03-05 12:33:47,713 - db_connector - INFO - Connected to database theia_pitching_db
2025-03-05 12:33:48,199 - db_connector - INFO - Database tables created/verified successfully
2025-03-05 12:33:48,199 - emg_pipeline - INFO - Processing file: C:/Users/alex.britton/Documents/DelsysTesting/Pitching_DataSet/030525_021140_ZaneRose_veloday.csv
2025-03-05 12:33:48,200 - emg_processor - INFO - Successfully parsed date as %m%d%y: 2025-03-05
2025-03-05 12:33:48,200 - emg_processor - INFO - Loading file: C:/Users/alex.britton/Documents/DelsysTesting/Pitching_DataSet/030525_021140_ZaneRose_veloday.csv
2025-03-05 12:33:52,027 - emg_processor - INFO - Data loaded: FCU: 2556901 samples, FCR: 2556901 samples
2025-03-05 12:33:52,027 - emg_processor - INFO - Found 2 muscles in file
2025-03-05 12:33:54,458 - db_connector - INFO - Connected to database theia_pitching_db
2025-03-05 12:39:20,547 - emg_pipeline - INFO - Successfully saved data for session 030525_021140_ZaneRose_veloday to database
2025-03-05 12:39:20,548 - db_connector - INFO - Database connection closed
2025-03-05 12:39:20,548 - emg_pipeline - INFO - Successfully processed and saved C:/Users/alex.britton/Documents/DelsysTesting/Pitching_DataSet/030525_021140_ZaneRose_veloday.csv
2025-03-05 15:25:30,215 - emg_processor - INFO - EMG Processor initialized
2025-03-05 15:25:30,216 - db_connector - INFO - Database connector initialized
2025-03-05 15:25:30,216 - emg_pipeline - INFO - EMG Pipeline initialized with data directory: C:\Users\alex.britton\Documents\DelsysTesting\EMGanalysis\V2_REPO
2025-03-05 15:25:30,216 - emg_pipeline - INFO - Using batch size of 1000 for DB operations
2025-03-05 15:25:54,449 - emg_processor - INFO - EMG Processor initialized
2025-03-05 15:25:54,450 - db_connector - INFO - Database connector initialized
2025-03-05 15:25:54,450 - emg_pipeline - INFO - EMG Pipeline initialized with data directory: C:\Users\alex.britton\Documents\DelsysTesting\EMGanalysis\V2_REPO
2025-03-05 15:25:54,450 - emg_pipeline - INFO - Using batch size of 1000 for DB operations
2025-03-05 15:25:54,454 - emg_pipeline - INFO - Processing single file: C:/Users/alex.britton/Documents/DelsysTesting/Pitching_DataSet/022725_117958_CarterWallace_mocap.csv
2025-03-05 15:25:54,781 - db_connector - INFO - Connected to database theia_pitching_db
2025-03-05 15:25:55,266 - db_connector - INFO - Database tables created/verified successfully
2025-03-05 15:25:55,268 - emg_pipeline - INFO - Processing file: C:/Users/alex.britton/Documents/DelsysTesting/Pitching_DataSet/022725_117958_CarterWallace_mocap.csv
2025-03-05 15:25:55,270 - emg_processor - INFO - Successfully parsed date as %m%d%y: 2025-02-27
2025-03-05 15:25:55,270 - emg_processor - INFO - Loading file: C:/Users/alex.britton/Documents/DelsysTesting/Pitching_DataSet/022725_117958_CarterWallace_mocap.csv
2025-03-05 15:25:55,965 - emg_processor - INFO - Data loaded: FCU: 459969 samples, FCR: 459969 samples
2025-03-05 15:25:55,965 - emg_processor - INFO - Found 2 muscles in file
2025-03-05 15:25:56,574 - db_connector - INFO - Connected to database theia_pitching_db
2025-03-05 15:25:56,737 - emg_pipeline - INFO - Session 022725_117958_CarterWallace_mocap already exists. Removing old data...
2025-03-05 15:27:09,502 - emg_pipeline - INFO - Successfully saved data for session 022725_117958_CarterWallace_mocap to database
2025-03-05 15:27:09,502 - db_connector - INFO - Database connection closed
2025-03-05 15:27:09,502 - emg_pipeline - INFO - Successfully processed and saved C:/Users/alex.britton/Documents/DelsysTesting/Pitching_DataSet/022725_117958_CarterWallace_mocap.csv
2025-03-07 10:25:17,904 - emg_processor - INFO - EMG Processor initialized
2025-03-07 10:25:17,904 - db_connector - INFO - Database connector initialized
2025-03-07 10:25:17,904 - emg_pipeline - INFO - EMG Pipeline initialized with data directory: C:\Users\alex.britton\Documents\DelsysTesting\EMGanalysis\V2_REPO
2025-03-07 10:25:17,904 - emg_pipeline - INFO - Using batch size of 1000 for DB operations
2025-03-07 10:25:29,509 - emg_processor - INFO - EMG Processor initialized
2025-03-07 10:25:29,509 - db_connector - INFO - Database connector initialized
2025-03-07 10:25:29,509 - emg_pipeline - INFO - EMG Pipeline initialized with data directory: C:\Users\alex.britton\Documents\DelsysTesting\EMGanalysis\V2_REPO
2025-03-07 10:25:29,509 - emg_pipeline - INFO - Using batch size of 1000 for DB operations
2025-03-07 10:25:29,515 - emg_pipeline - INFO - Processing directory: C:/Users/alex.britton/Documents/DelsysTesting/Pitching_DataSet (recursive=True)
2025-03-07 10:25:29,835 - db_connector - INFO - Connected to database theia_pitching_db
2025-03-07 10:25:30,329 - db_connector - INFO - Database tables created/verified successfully
2025-03-07 10:25:30,330 - emg_pipeline - INFO - Found 6 files to process
2025-03-07 10:25:30,342 - emg_pipeline - INFO - Processing file: C:/Users/alex.britton/Documents/DelsysTesting/Pitching_DataSet\021925_117946_AlexBritton_longform.csv
2025-03-07 10:25:30,342 - emg_processor - INFO - Successfully parsed date as %m%d%y: 2025-02-19
2025-03-07 10:25:30,342 - emg_processor - INFO - Loading file: C:/Users/alex.britton/Documents/DelsysTesting/Pitching_DataSet\021925_117946_AlexBritton_longform.csv
2025-03-07 10:25:34,349 - emg_processor - INFO - Data loaded: FCU: 1486361 samples, FCR: 2535557 samples
2025-03-07 10:25:34,349 - emg_processor - INFO - Found 2 muscles in file
2025-03-07 10:25:36,296 - db_connector - INFO - Connected to database theia_pitching_db
2025-03-07 10:30:34,040 - emg_pipeline - INFO - Successfully saved data for session 021925_117946_AlexBritton_longform to database
2025-03-07 10:30:34,040 - db_connector - INFO - Database connection closed
2025-03-07 10:30:34,042 - emg_pipeline - INFO - Processing file: C:/Users/alex.britton/Documents/DelsysTesting/Pitching_DataSet\022725_117958_CarterWallace_mocap.csv
2025-03-07 10:30:34,042 - emg_processor - INFO - Successfully parsed date as %m%d%y: 2025-02-27
2025-03-07 10:30:34,042 - emg_processor - INFO - Loading file: C:/Users/alex.britton/Documents/DelsysTesting/Pitching_DataSet\022725_117958_CarterWallace_mocap.csv
2025-03-07 10:30:34,755 - emg_processor - INFO - Data loaded: FCU: 459969 samples, FCR: 459969 samples
2025-03-07 10:30:34,755 - emg_processor - INFO - Found 2 muscles in file
2025-03-07 10:30:35,377 - db_connector - INFO - Connected to database theia_pitching_db
2025-03-07 10:31:29,999 - emg_pipeline - INFO - Successfully saved data for session 022725_117958_CarterWallace_mocap to database
2025-03-07 10:31:30,000 - db_connector - INFO - Database connection closed
2025-03-07 10:31:30,000 - emg_pipeline - INFO - Processing file: C:/Users/alex.britton/Documents/DelsysTesting/Pitching_DataSet\022725_118107_DarielFregio_mocap.csv
2025-03-07 10:31:30,000 - emg_processor - INFO - Successfully parsed date as %m%d%y: 2025-02-27
2025-03-07 10:31:30,001 - emg_processor - INFO - Loading file: C:/Users/alex.britton/Documents/DelsysTesting/Pitching_DataSet\022725_118107_DarielFregio_mocap.csv
2025-03-07 10:31:31,027 - emg_processor - INFO - Data loaded: FCU: 662099 samples, FCR: 662099 samples
2025-03-07 10:31:31,027 - emg_processor - INFO - Found 2 muscles in file
2025-03-07 10:31:31,723 - db_connector - INFO - Connected to database theia_pitching_db
2025-03-07 10:32:49,846 - emg_pipeline - INFO - Successfully saved data for session 022725_118107_DarielFregio_mocap to database
2025-03-07 10:32:49,848 - db_connector - INFO - Database connection closed
2025-03-07 10:32:49,848 - emg_pipeline - INFO - Processing file: C:/Users/alex.britton/Documents/DelsysTesting/Pitching_DataSet\030425_102245_MateoHamm_mocap.csv
2025-03-07 10:32:49,848 - emg_processor - INFO - Successfully parsed date as %m%d%y: 2025-03-04
2025-03-07 10:32:49,848 - emg_processor - INFO - Loading file: C:/Users/alex.britton/Documents/DelsysTesting/Pitching_DataSet\030425_102245_MateoHamm_mocap.csv
2025-03-07 10:32:51,860 - emg_processor - INFO - Data loaded: FCU: 1217362 samples, FCR: 1217362 samples
2025-03-07 10:32:51,860 - emg_processor - INFO - Found 2 muscles in file
2025-03-07 10:32:53,073 - db_connector - INFO - Connected to database theia_pitching_db
2025-03-07 10:35:17,195 - emg_pipeline - INFO - Successfully saved data for session 030425_102245_MateoHamm_mocap to database
2025-03-07 10:35:17,195 - db_connector - INFO - Database connection closed
2025-03-07 10:35:17,196 - emg_pipeline - INFO - Processing file: C:/Users/alex.britton/Documents/DelsysTesting/Pitching_DataSet\030425_118085_JayceBlair_mocap.csv
2025-03-07 10:35:17,196 - emg_processor - INFO - Successfully parsed date as %m%d%y: 2025-03-04
2025-03-07 10:35:17,197 - emg_processor - INFO - Loading file: C:/Users/alex.britton/Documents/DelsysTesting/Pitching_DataSet\030425_118085_JayceBlair_mocap.csv
2025-03-07 10:35:18,466 - emg_processor - INFO - Data loaded: FCU: 823803 samples, FCR: 823803 samples
2025-03-07 10:35:18,466 - emg_processor - INFO - Found 2 muscles in file
2025-03-07 10:35:19,311 - db_connector - INFO - Connected to database theia_pitching_db
2025-03-07 10:36:55,646 - emg_pipeline - INFO - Successfully saved data for session 030425_118085_JayceBlair_mocap to database
2025-03-07 10:36:55,646 - db_connector - INFO - Database connection closed
2025-03-07 10:36:55,647 - emg_pipeline - INFO - Processing file: C:/Users/alex.britton/Documents/DelsysTesting/Pitching_DataSet\030525_021140_ZaneRose_veloday.csv
2025-03-07 10:36:55,647 - emg_processor - INFO - Successfully parsed date as %m%d%y: 2025-03-05
2025-03-07 10:36:55,647 - emg_processor - INFO - Loading file: C:/Users/alex.britton/Documents/DelsysTesting/Pitching_DataSet\030525_021140_ZaneRose_veloday.csv
2025-03-07 10:36:59,720 - emg_processor - INFO - Data loaded: FCU: 2556901 samples, FCR: 2556901 samples
2025-03-07 10:36:59,721 - emg_processor - INFO - Found 2 muscles in file
2025-03-07 10:37:02,299 - db_connector - INFO - Connected to database theia_pitching_db
2025-03-07 10:42:01,241 - emg_pipeline - INFO - Successfully saved data for session 030525_021140_ZaneRose_veloday to database
2025-03-07 10:42:01,241 - db_connector - INFO - Database connection closed
2025-03-07 10:42:01,242 - emg_pipeline - INFO - Directory processing complete. Successfully processed 6 of 6 files.
2025-03-10 09:23:20,395 - emg_processor - INFO - EMG Processor initialized
2025-03-10 09:23:20,395 - db_connector - INFO - Database connector initialized
2025-03-10 09:23:20,396 - emg_pipeline - INFO - EMG Pipeline initialized with data directory: C:\Users\alex.britton\Documents\DelsysTesting\EMGanalysis\V2_REPO
2025-03-10 09:23:20,396 - emg_pipeline - INFO - Using batch size of 1000 for DB operations
2025-03-10 09:25:22,190 - emg_processor - INFO - EMG Processor initialized
2025-03-10 09:25:22,190 - db_connector - INFO - Database connector initialized
2025-03-10 09:25:22,190 - emg_pipeline - INFO - EMG Pipeline initialized with data directory: C:\Users\alex.britton\Documents\DelsysTesting\EMGanalysis\V2_REPO
2025-03-10 09:25:22,190 - emg_pipeline - INFO - Using batch size of 1000 for DB operations
2025-03-10 09:25:41,648 - emg_processor - INFO - EMG Processor initialized
2025-03-10 09:25:41,648 - db_connector - INFO - Database connector initialized
2025-03-10 09:25:41,649 - emg_pipeline - INFO - EMG Pipeline initialized with data directory: C:\Users\alex.britton\Documents\DelsysTesting\EMGanalysis\V2_REPO
2025-03-10 09:25:41,649 - emg_pipeline - INFO - Using batch size of 1000 for DB operations
2025-03-10 09:25:41,654 - emg_pipeline - INFO - Processing directory: C:/Users/alex.britton/Documents/DelsysTesting/Pitching_DataSet (recursive=True)
2025-03-10 09:25:41,978 - db_connector - INFO - Connected to database theia_pitching_db
2025-03-10 09:25:42,058 - emg_pipeline - INFO - Adding new metric columns to emg_throws table
2025-03-10 09:25:43,178 - emg_pipeline - INFO - Successfully added new metric columns
2025-03-10 09:25:43,655 - db_connector - INFO - Database tables created/verified successfully
2025-03-10 09:25:43,655 - db_connector - INFO - Database connection closed
2025-03-10 09:25:43,656 - emg_pipeline - INFO - Found 6 files to process
2025-03-10 09:25:43,670 - emg_pipeline - INFO - Processing file: C:/Users/alex.britton/Documents/DelsysTesting/Pitching_DataSet\021925_117946_AlexBritton_longform.csv
2025-03-10 09:25:43,671 - emg_processor - INFO - Successfully parsed date as %m%d%y: 2025-02-19
2025-03-10 09:25:43,672 - emg_processor - INFO - Loading file: C:/Users/alex.britton/Documents/DelsysTesting/Pitching_DataSet\021925_117946_AlexBritton_longform.csv
2025-03-10 09:25:47,836 - emg_processor - INFO - Data loaded: FCU: 1486361 samples, FCR: 2535557 samples
2025-03-10 09:25:47,837 - emg_processor - INFO - Found 2 muscles in file
2025-03-10 09:25:49,828 - db_connector - INFO - Connected to database theia_pitching_db
2025-03-10 09:25:49,988 - emg_pipeline - INFO - Session 021925_117946_AlexBritton_longform already exists. Removing old data...
2025-03-10 09:31:51,665 - emg_pipeline - INFO - Successfully saved data for session 021925_117946_AlexBritton_longform to database
2025-03-10 09:31:51,666 - db_connector - INFO - Database connection closed
2025-03-10 09:31:51,668 - emg_pipeline - INFO - Processing file: C:/Users/alex.britton/Documents/DelsysTesting/Pitching_DataSet\022725_117958_CarterWallace_mocap.csv
2025-03-10 09:31:51,669 - emg_processor - INFO - Successfully parsed date as %m%d%y: 2025-02-27
2025-03-10 09:31:51,669 - emg_processor - INFO - Loading file: C:/Users/alex.britton/Documents/DelsysTesting/Pitching_DataSet\022725_117958_CarterWallace_mocap.csv
2025-03-10 09:31:52,803 - emg_processor - INFO - Data loaded: FCU: 459969 samples, FCR: 459969 samples
2025-03-10 09:31:52,803 - emg_processor - INFO - Found 2 muscles in file
2025-03-10 09:31:53,528 - db_connector - INFO - Connected to database theia_pitching_db
2025-03-10 09:31:53,689 - emg_pipeline - INFO - Session 022725_117958_CarterWallace_mocap already exists. Removing old data...
2025-03-10 09:33:02,018 - emg_pipeline - INFO - Successfully saved data for session 022725_117958_CarterWallace_mocap to database
2025-03-10 09:33:02,019 - db_connector - INFO - Database connection closed
2025-03-10 09:33:02,019 - emg_pipeline - INFO - Processing file: C:/Users/alex.britton/Documents/DelsysTesting/Pitching_DataSet\022725_118107_DarielFregio_mocap.csv
2025-03-10 09:33:02,020 - emg_processor - INFO - Successfully parsed date as %m%d%y: 2025-02-27
2025-03-10 09:33:02,020 - emg_processor - INFO - Loading file: C:/Users/alex.britton/Documents/DelsysTesting/Pitching_DataSet\022725_118107_DarielFregio_mocap.csv
2025-03-10 09:33:03,228 - emg_processor - INFO - Data loaded: FCU: 662099 samples, FCR: 662099 samples
2025-03-10 09:33:03,228 - emg_processor - INFO - Found 2 muscles in file
2025-03-10 09:33:04,049 - db_connector - INFO - Connected to database theia_pitching_db
2025-03-10 09:33:04,208 - emg_pipeline - INFO - Session 022725_118107_DarielFregio_mocap already exists. Removing old data...
2025-03-10 09:34:53,011 - emg_pipeline - INFO - Successfully saved data for session 022725_118107_DarielFregio_mocap to database
2025-03-10 09:34:53,012 - db_connector - INFO - Database connection closed
2025-03-10 09:34:53,012 - emg_pipeline - INFO - Processing file: C:/Users/alex.britton/Documents/DelsysTesting/Pitching_DataSet\030425_102245_MateoHamm_mocap.csv
2025-03-10 09:34:53,012 - emg_processor - INFO - Successfully parsed date as %m%d%y: 2025-03-04
2025-03-10 09:34:53,013 - emg_processor - INFO - Loading file: C:/Users/alex.britton/Documents/DelsysTesting/Pitching_DataSet\030425_102245_MateoHamm_mocap.csv
2025-03-10 09:34:56,193 - emg_processor - INFO - Data loaded: FCU: 1217362 samples, FCR: 1217362 samples
2025-03-10 09:34:56,193 - emg_processor - INFO - Found 2 muscles in file
2025-03-10 09:34:57,865 - db_connector - INFO - Connected to database theia_pitching_db
2025-03-10 09:34:58,026 - emg_pipeline - INFO - Session 030425_102245_MateoHamm_mocap already exists. Removing old data...
2025-03-10 09:38:00,419 - emg_pipeline - INFO - Successfully saved data for session 030425_102245_MateoHamm_mocap to database
2025-03-10 09:38:00,420 - db_connector - INFO - Database connection closed
2025-03-10 09:38:00,420 - emg_pipeline - INFO - Processing file: C:/Users/alex.britton/Documents/DelsysTesting/Pitching_DataSet\030425_118085_JayceBlair_mocap.csv
2025-03-10 09:38:00,420 - emg_processor - INFO - Successfully parsed date as %m%d%y: 2025-03-04
2025-03-10 09:38:00,420 - emg_processor - INFO - Loading file: C:/Users/alex.britton/Documents/DelsysTesting/Pitching_DataSet\030425_118085_JayceBlair_mocap.csv
2025-03-10 09:38:02,610 - emg_processor - INFO - Data loaded: FCU: 823803 samples, FCR: 823803 samples
2025-03-10 09:38:02,610 - emg_processor - INFO - Found 2 muscles in file
2025-03-10 09:38:03,817 - db_connector - INFO - Connected to database theia_pitching_db
2025-03-10 09:38:03,976 - emg_pipeline - INFO - Session 030425_118085_JayceBlair_mocap already exists. Removing old data...
2025-03-10 09:40:13,393 - emg_pipeline - INFO - Successfully saved data for session 030425_118085_JayceBlair_mocap to database
2025-03-10 09:40:13,393 - db_connector - INFO - Database connection closed
2025-03-10 09:40:13,395 - emg_pipeline - INFO - Processing file: C:/Users/alex.britton/Documents/DelsysTesting/Pitching_DataSet\030525_021140_ZaneRose_veloday.csv
2025-03-10 09:40:13,396 - emg_processor - INFO - Successfully parsed date as %m%d%y: 2025-03-05
2025-03-10 09:40:13,399 - emg_processor - INFO - Loading file: C:/Users/alex.britton/Documents/DelsysTesting/Pitching_DataSet\030525_021140_ZaneRose_veloday.csv
2025-03-10 09:40:20,570 - emg_processor - INFO - Data loaded: FCU: 2556901 samples, FCR: 2556901 samples
2025-03-10 09:40:20,570 - emg_processor - INFO - Found 2 muscles in file
2025-03-10 09:40:24,026 - db_connector - INFO - Connected to database theia_pitching_db
2025-03-10 09:40:24,187 - emg_pipeline - INFO - Session 030525_021140_ZaneRose_veloday already exists. Removing old data...
2025-03-10 09:46:26,421 - emg_pipeline - INFO - Successfully saved data for session 030525_021140_ZaneRose_veloday to database
2025-03-10 09:46:26,422 - db_connector - INFO - Database connection closed
2025-03-10 09:46:26,427 - emg_pipeline - INFO - Directory processing complete. Successfully processed 6 of 6 files.
2025-03-10 12:03:34,243 - emg_processor - INFO - EMG Processor initialized
2025-03-10 12:03:34,248 - db_connector - INFO - Database connector initialized
2025-03-10 12:03:34,248 - emg_pipeline - INFO - EMG Pipeline initialized with data directory: C:\Users\alex.britton\Documents\DelsysTesting\EMGanalysis\V2_REPO
2025-03-10 12:03:34,248 - emg_pipeline - INFO - Using batch size of 1000 for DB operations
2025-03-10 12:06:55,405 - emg_processor - INFO - EMG Processor initialized
2025-03-10 12:06:55,405 - db_connector - INFO - Database connector initialized
2025-03-10 12:06:55,405 - emg_pipeline - INFO - EMG Pipeline initialized with data directory: C:\Users\alex.britton\Documents\DelsysTesting\EMGanalysis\V2_REPO
2025-03-10 12:06:55,405 - emg_pipeline - INFO - Using batch size of 1000 for DB operations
2025-03-10 12:06:55,411 - emg_pipeline - INFO - Processing single file: C:/Users/alex.britton/Documents/DelsysTesting/Pitching_DataSet/031025_021140_ZanRose_veloday.csv
2025-03-10 12:07:02,770 - db_connector - INFO - Connected to database theia_pitching_db
2025-03-10 12:07:03,344 - db_connector - INFO - Database tables created/verified successfully
2025-03-10 12:07:03,345 - db_connector - INFO - Database connection closed
2025-03-10 12:07:03,345 - emg_pipeline - INFO - Processing file: C:/Users/alex.britton/Documents/DelsysTesting/Pitching_DataSet/031025_021140_ZanRose_veloday.csv
2025-03-10 12:07:03,346 - emg_processor - INFO - Successfully parsed date as %m%d%y: 2025-03-10
2025-03-10 12:07:03,346 - emg_processor - INFO - Loading file: C:/Users/alex.britton/Documents/DelsysTesting/Pitching_DataSet/031025_021140_ZanRose_veloday.csv
2025-03-10 12:07:07,660 - emg_processor - INFO - Data loaded: FCU: 1653696 samples, FCR: 1653696 samples
2025-03-10 12:07:07,660 - emg_processor - INFO - Found 2 muscles in file
2025-03-10 12:07:09,508 - db_connector - INFO - Connected to database theia_pitching_db
2025-03-10 12:10:32,752 - emg_pipeline - INFO - Successfully saved data for session 031025_021140_ZanRose_veloday to database
2025-03-10 12:10:32,752 - db_connector - INFO - Database connection closed
2025-03-10 12:10:32,754 - emg_pipeline - INFO - Successfully processed and saved C:/Users/alex.britton/Documents/DelsysTesting/Pitching_DataSet/031025_021140_ZanRose_veloday.csv
2025-03-10 13:25:30,194 - emg_processor - INFO - EMG Processor initialized
2025-03-10 13:25:30,194 - db_connector - INFO - Database connector initialized
2025-03-10 13:25:30,194 - emg_pipeline - INFO - EMG Pipeline initialized with data directory: C:\Users\alex.britton\Documents\DelsysTesting\EMGanalysis\V2_REPO
2025-03-10 13:25:30,194 - emg_pipeline - INFO - Using batch size of 1000 for DB operations
2025-03-10 13:26:36,065 - emg_processor - INFO - EMG Processor initialized
2025-03-10 13:26:36,066 - db_connector - INFO - Database connector initialized
2025-03-10 13:26:36,066 - emg_pipeline - INFO - EMG Pipeline initialized with data directory: C:\Users\alex.britton\Documents\DelsysTesting\EMGanalysis\V2_REPO
2025-03-10 13:26:36,067 - emg_pipeline - INFO - Using batch size of 1000 for DB operations
2025-03-10 13:27:42,586 - emg_processor - INFO - EMG Processor initialized
2025-03-10 13:27:42,586 - db_connector - INFO - Database connector initialized
2025-03-10 13:27:42,587 - emg_pipeline - INFO - EMG Pipeline initialized with data directory: C:\Users\alex.britton\Documents\DelsysTesting\EMGanalysis\V2_REPO
2025-03-10 13:27:42,587 - emg_pipeline - INFO - Using batch size of 1000 for DB operations
2025-03-10 13:32:14,060 - emg_processor - INFO - EMG Processor initialized
2025-03-10 13:32:14,061 - db_connector - INFO - Database connector initialized
2025-03-10 13:32:14,061 - emg_pipeline - INFO - EMG Pipeline initialized with data directory: C:\Users\alex.britton\Documents\DelsysTesting\EMGanalysis\V2_REPO
2025-03-10 13:32:14,061 - emg_pipeline - INFO - Using batch size of 1000 for DB operations
2025-03-10 13:37:42,002 - emg_processor - INFO - EMG Processor initialized
2025-03-10 13:37:42,002 - db_connector - INFO - Database connector initialized
2025-03-10 13:37:42,002 - emg_pipeline - INFO - EMG Pipeline initialized with data directory: C:\Users\alex.britton\Documents\DelsysTesting\EMGanalysis\V2_REPO
2025-03-10 13:37:42,003 - emg_pipeline - INFO - Using batch size of 1000 for DB operations
2025-03-10 13:38:39,738 - db_connector - INFO - Database connector initialized
2025-03-10 13:38:40,059 - db_connector - INFO - Connected to database theia_pitching_db
2025-03-10 13:38:41,462 - db_connector - INFO - Database connection closed
2025-03-10 13:38:48,965 - db_connector - INFO - Database connector initialized
2025-03-10 13:38:49,283 - db_connector - INFO - Connected to database theia_pitching_db
2025-03-10 13:41:37,391 - db_connector - INFO - Database connection closed
2025-03-10 13:41:38,685 - db_connector - INFO - Database connector initialized
2025-03-10 13:41:39,003 - db_connector - INFO - Connected to database theia_pitching_db
2025-03-10 13:41:40,272 - db_connector - INFO - Database connection closed
2025-03-10 13:41:51,871 - emg_processor - INFO - EMG Processor initialized
2025-03-10 13:41:51,872 - db_connector - INFO - Database connector initialized
2025-03-10 13:41:51,872 - emg_pipeline - INFO - EMG Pipeline initialized with data directory: C:\Users\alex.britton\Documents\DelsysTesting\EMGanalysis\V2_REPO
2025-03-10 13:41:51,872 - emg_pipeline - INFO - Using batch size of 1000 for DB operations
2025-03-10 13:41:58,098 - db_connector - INFO - Database connector initialized
2025-03-10 13:41:58,419 - db_connector - INFO - Connected to database theia_pitching_db
2025-03-10 13:41:58,499 - db_connector - INFO - Database connection closed
2025-03-10 13:42:12,549 - db_connector - INFO - Database connector initialized
2025-03-10 13:42:12,866 - db_connector - INFO - Connected to database theia_pitching_db
2025-03-10 13:42:12,947 - db_connector - INFO - Database connection closed
2025-03-10 13:42:23,834 - db_connector - INFO - Database connector initialized
2025-03-10 13:42:24,152 - db_connector - INFO - Connected to database theia_pitching_db
2025-03-10 13:42:24,233 - db_connector - INFO - Database connection closed
2025-03-10 13:43:08,286 - db_connector - INFO - Database connector initialized
2025-03-10 13:43:08,287 - emg_report_generator - INFO - Simple EMG Report Generator initialized
2025-03-10 13:43:08,608 - db_connector - INFO - Connected to database theia_pitching_db
2025-03-10 13:43:09,011 - db_connector - INFO - Connected to database theia_pitching_db
2025-03-10 13:43:09,415 - db_connector - INFO - Connected to database theia_pitching_db
2025-03-10 13:44:14,103 - emg_report_generator - INFO - Fetched 2535557 rows for session 7
2025-03-10 13:44:14,891 - emg_report_generator - INFO - Full time range: 0.0 to 1180.35 seconds
2025-03-10 13:44:19,592 - emg_report_generator - INFO - Downsampled from 2535557 to 100000 points
2025-03-10 13:44:19,601 - emg_report_generator - INFO - Original data time range: 0.0 to 1180.35
2025-03-10 13:44:19,602 - emg_report_generator - INFO - Downsampled data time range: 0.0004655 to 1180.34
2025-03-10 13:44:19,973 - emg_report_generator - INFO - Plot x-axis limits set to: (-59.0175, 1239.3674999999998)
2025-03-10 13:44:27,601 - emg_report_generator - INFO - PDF report generated: C:/Users/alex.britton/Documents/DelsysTesting/Reports\021925_117946_AlexBritton_longform_report.pdf
2025-03-10 13:44:28,217 - db_connector - INFO - Connected to database theia_pitching_db
2025-03-10 13:44:28,616 - db_connector - INFO - Connected to database theia_pitching_db
2025-03-10 13:44:29,016 - db_connector - INFO - Connected to database theia_pitching_db
2025-03-10 13:44:39,097 - emg_report_generator - INFO - Fetched 459969 rows for session 8
2025-03-10 13:44:39,283 - emg_report_generator - INFO - Full time range: 0.0 to 214.123 seconds
2025-03-10 13:44:42,686 - emg_report_generator - INFO - Downsampled from 459969 to 100000 points
2025-03-10 13:44:42,690 - emg_report_generator - INFO - Original data time range: 0.0 to 214.123
2025-03-10 13:44:42,690 - emg_report_generator - INFO - Downsampled data time range: 0.0004655 to 214.121
2025-03-10 13:44:42,723 - emg_report_generator - INFO - Plot x-axis limits set to: (-10.706150000000001, 224.82915)
2025-03-10 13:44:47,540 - emg_report_generator - INFO - PDF report generated: C:/Users/alex.britton/Documents/DelsysTesting/Reports\022725_117958_CarterWallace_mocap_report.pdf
2025-03-10 13:44:47,903 - db_connector - INFO - Connected to database theia_pitching_db
2025-03-10 13:44:48,303 - db_connector - INFO - Connected to database theia_pitching_db
2025-03-10 13:44:48,709 - db_connector - INFO - Connected to database theia_pitching_db
2025-03-10 13:45:01,516 - emg_report_generator - INFO - Fetched 662099 rows for session 9
2025-03-10 13:45:01,655 - emg_report_generator - INFO - Full time range: 0.0 to 308.218 seconds
2025-03-10 13:45:04,068 - emg_report_generator - INFO - Downsampled from 662099 to 100000 points
2025-03-10 13:45:04,070 - emg_report_generator - INFO - Original data time range: 0.0 to 308.218
2025-03-10 13:45:04,071 - emg_report_generator - INFO - Downsampled data time range: 0.0004655 to 308.215
2025-03-10 13:45:04,093 - emg_report_generator - INFO - Plot x-axis limits set to: (-15.410900000000002, 323.62890000000004)
2025-03-10 13:45:07,809 - emg_report_generator - INFO - PDF report generated: C:/Users/alex.britton/Documents/DelsysTesting/Reports\022725_118107_DarielFregio_mocap_report.pdf
2025-03-10 13:45:08,178 - db_connector - INFO - Connected to database theia_pitching_db
2025-03-10 13:45:08,575 - db_connector - INFO - Connected to database theia_pitching_db
2025-03-10 13:45:08,975 - db_connector - INFO - Connected to database theia_pitching_db
2025-03-10 13:46:26,278 - emg_report_generator - INFO - Fetched 1217362 rows for session 10
2025-03-10 13:46:26,453 - emg_report_generator - INFO - Full time range: 0.0 to 566.703 seconds
2025-03-10 13:46:28,853 - emg_report_generator - INFO - Downsampled from 1217362 to 100000 points
2025-03-10 13:46:28,857 - emg_report_generator - INFO - Original data time range: 0.0 to 566.703
2025-03-10 13:46:28,858 - emg_report_generator - INFO - Downsampled data time range: 0.0004655 to 566.698
2025-03-10 13:46:28,892 - emg_report_generator - INFO - Plot x-axis limits set to: (-28.33515, 595.03815)
2025-03-10 13:46:32,985 - emg_report_generator - INFO - PDF report generated: C:/Users/alex.britton/Documents/DelsysTesting/Reports\030425_102245_MateoHamm_mocap_report.pdf
2025-03-10 13:46:33,390 - db_connector - INFO - Connected to database theia_pitching_db
2025-03-10 13:46:33,789 - db_connector - INFO - Connected to database theia_pitching_db
2025-03-10 13:46:34,193 - db_connector - INFO - Connected to database theia_pitching_db
2025-03-10 13:47:17,501 - emg_report_generator - INFO - Fetched 823803 rows for session 11
2025-03-10 13:47:17,679 - emg_report_generator - INFO - Full time range: 0.0 to 383.494 seconds
2025-03-10 13:47:20,269 - emg_report_generator - INFO - Downsampled from 823803 to 100000 points
2025-03-10 13:47:20,272 - emg_report_generator - INFO - Original data time range: 0.0 to 383.494
2025-03-10 13:47:20,272 - emg_report_generator - INFO - Downsampled data time range: 0.0004655 to 383.491
2025-03-10 13:47:20,306 - emg_report_generator - INFO - Plot x-axis limits set to: (-19.1747, 402.66870000000006)
2025-03-10 13:47:24,685 - emg_report_generator - INFO - PDF report generated: C:/Users/alex.britton/Documents/DelsysTesting/Reports\030425_118085_JayceBlair_mocap_report.pdf
2025-03-10 13:47:25,070 - db_connector - INFO - Connected to database theia_pitching_db
2025-03-10 13:47:25,469 - db_connector - INFO - Connected to database theia_pitching_db
2025-03-10 13:47:25,871 - db_connector - INFO - Connected to database theia_pitching_db
2025-03-10 13:49:16,767 - emg_report_generator - INFO - Fetched 2556901 rows for session 12
2025-03-10 13:49:17,104 - emg_report_generator - INFO - Full time range: 0.0 to 1190.28 seconds
2025-03-10 13:49:20,063 - emg_report_generator - INFO - Downsampled from 2556901 to 100000 points
2025-03-10 13:49:20,069 - emg_report_generator - INFO - Original data time range: 0.0 to 1190.28
2025-03-10 13:49:20,069 - emg_report_generator - INFO - Downsampled data time range: 0.0004655 to 1190.27
2025-03-10 13:49:20,129 - emg_report_generator - INFO - Plot x-axis limits set to: (-59.514, 1249.7939999999999)
2025-03-10 13:49:25,260 - emg_report_generator - INFO - PDF report generated: C:/Users/alex.britton/Documents/DelsysTesting/Reports\030525_021140_ZaneRose_veloday_report.pdf
2025-03-10 13:49:25,767 - db_connector - INFO - Connected to database theia_pitching_db
2025-03-10 13:49:26,165 - db_connector - INFO - Connected to database theia_pitching_db
2025-03-10 13:49:26,565 - db_connector - INFO - Connected to database theia_pitching_db
2025-03-10 13:49:56,389 - emg_report_generator - INFO - Fetched 1653696 rows for session 13
2025-03-10 13:49:57,066 - emg_report_generator - INFO - Full time range: 0.0 to 769.824 seconds
2025-03-10 13:49:59,669 - emg_report_generator - INFO - Downsampled from 1653696 to 100000 points
2025-03-10 13:49:59,673 - emg_report_generator - INFO - Original data time range: 0.0 to 769.824
2025-03-10 13:49:59,673 - emg_report_generator - INFO - Downsampled data time range: 0.0004655 to 769.817
2025-03-10 13:49:59,721 - emg_report_generator - INFO - Plot x-axis limits set to: (-38.4912, 808.3152)
2025-03-10 13:50:04,394 - emg_report_generator - INFO - PDF report generated: C:/Users/alex.britton/Documents/DelsysTesting/Reports\031025_021140_ZanRose_veloday_report.pdf
2025-03-10 14:00:05,363 - emg_processor - INFO - EMG Processor initialized
2025-03-10 14:00:05,363 - db_connector - INFO - Database connector initialized
2025-03-10 14:00:05,363 - emg_pipeline - INFO - EMG Pipeline initialized with data directory: C:\Users\alex.britton\Documents\DelsysTesting\EMGanalysis\V2_REPO
2025-03-10 14:00:05,364 - emg_pipeline - INFO - Using batch size of 1000 for DB operations
2025-03-10 14:15:27,757 - emg_processor - INFO - EMG Processor initialized
2025-03-10 14:15:27,759 - db_connector - INFO - Database connector initialized
2025-03-10 14:15:27,760 - emg_pipeline - INFO - EMG Pipeline initialized with data directory: C:\Users\alex.britton\Documents\DelsysTesting\EMGanalysis\V2_REPO
2025-03-10 14:15:27,760 - emg_pipeline - INFO - Using batch size of 1000 for DB operations
2025-03-10 14:15:35,194 - db_connector - INFO - Database connector initialized
2025-03-10 14:15:35,516 - db_connector - INFO - Connected to database theia_pitching_db
2025-03-10 14:15:35,596 - db_connector - INFO - Database connection closed
2025-03-10 14:16:22,743 - db_connector - INFO - Database connector initialized
2025-03-10 14:16:23,061 - db_connector - INFO - Connected to database theia_pitching_db
2025-03-10 14:16:23,141 - db_connector - INFO - Database connection closed
2025-03-10 14:19:06,565 - emg_processor - INFO - EMG Processor initialized
2025-03-10 14:19:06,565 - db_connector - INFO - Database connector initialized
2025-03-10 14:19:06,565 - emg_pipeline - INFO - EMG Pipeline initialized with data directory: C:\Users\alex.britton\Documents\DelsysTesting\EMGanalysis\V2_REPO
2025-03-10 14:19:06,565 - emg_pipeline - INFO - Using batch size of 1000 for DB operations
2025-03-10 14:19:17,840 - db_connector - INFO - Database connector initialized
2025-03-10 14:19:18,160 - db_connector - INFO - Connected to database theia_pitching_db
2025-03-10 14:19:21,367 - db_connector - INFO - Database connection closed
2025-03-10 14:19:32,568 - db_connector - INFO - Database connector initialized
2025-03-10 14:19:32,886 - db_connector - INFO - Connected to database theia_pitching_db
2025-03-10 14:19:34,975 - db_connector - INFO - Database connection closed
2025-03-10 14:19:42,963 - emg_processor - INFO - EMG Processor initialized
2025-03-10 14:19:42,964 - db_connector - INFO - Database connector initialized
2025-03-10 14:19:42,964 - emg_pipeline - INFO - EMG Pipeline initialized with data directory: C:\Users\alex.britton\Documents\DelsysTesting\EMGanalysis\V2_REPO
2025-03-10 14:19:42,964 - emg_pipeline - INFO - Using batch size of 1000 for DB operations
2025-03-10 14:19:48,431 - db_connector - INFO - Database connector initialized
2025-03-10 14:19:48,751 - db_connector - INFO - Connected to database theia_pitching_db
2025-03-10 14:19:48,832 - db_connector - INFO - Database connection closed
2025-03-10 14:20:14,585 - db_connector - INFO - Database connector initialized
2025-03-10 14:20:14,902 - db_connector - INFO - Connected to database theia_pitching_db
2025-03-10 14:20:14,983 - db_connector - INFO - Database connection closed
2025-03-10 14:21:22,625 - db_connector - INFO - Database connector initialized
2025-03-10 14:21:22,942 - db_connector - INFO - Connected to database theia_pitching_db
2025-03-10 14:21:23,023 - db_connector - INFO - Database connection closed
2025-03-10 14:21:28,383 - emg_processor - INFO - EMG Processor initialized
2025-03-10 14:21:28,383 - db_connector - INFO - Database connector initialized
2025-03-10 14:21:28,383 - emg_pipeline - INFO - EMG Pipeline initialized with data directory: C:\Users\alex.britton\Documents\DelsysTesting\EMGanalysis\V2_REPO
2025-03-10 14:21:28,383 - emg_pipeline - INFO - Using batch size of 1000 for DB operations
2025-03-10 14:21:35,627 - db_connector - INFO - Database connector initialized
2025-03-10 14:21:35,949 - db_connector - INFO - Connected to database theia_pitching_db
2025-03-10 14:21:36,031 - db_connector - INFO - Database connection closed
