=============================================== 
EMG Pipeline Run - Tue 04/29/2025 16:32:18.57 
=============================================== 
Using Python: C:\Python312\python.exe 
Installing/upgrading pip... 
Could not find platform independent libraries <prefix>
Could not find platform independent libraries <prefix>
Looking in links: c:\Users\ALEX~1.BRI\AppData\Local\Temp\tmp1__9z3nc
Requirement already satisfied: pip in c:\users\alex.britton\documents\delsystesting\v2_repo\lib\site-packages (24.0)
Could not find platform independent libraries <prefix>
Requirement already satisfied: pip in c:\users\alex.britton\documents\delsystesting\v2_repo\lib\site-packages (24.0)
Collecting pip
  Downloading pip-25.1-py3-none-any.whl.metadata (3.6 kB)
Downloading pip-25.1-py3-none-any.whl (1.8 MB)
   ---------------------------------------- 1.8/1.8 MB 6.5 MB/s eta 0:00:00
Installing collected packages: pip
  Attempting uninstall: pip
    Found existing installation: pip 24.0
    Uninstalling pip-24.0:
      Successfully uninstalled pip-24.0
  WARNING: The scripts pip.exe, pip3.12.exe and pip3.exe are installed in 'C:\Users\alex.britton\Documents\DelsysTesting\V2_REPO\Scripts' which is not on PATH.
  Consider adding this directory to PATH or, if you prefer to suppress this warning, use --no-warn-script-location.
Successfully installed pip-25.1
Installing packages from requirements.txt... 
Could not find platform independent libraries <prefix>
Collecting numpy==1.26.4 (from -r requirements.txt (line 1))
  Using cached numpy-1.26.4-cp312-cp312-win_amd64.whl.metadata (61 kB)
Collecting pandas==2.1.4 (from -r requirements.txt (line 2))
  Using cached pandas-2.1.4-cp312-cp312-win_amd64.whl.metadata (18 kB)
Collecting matplotlib==3.8.0 (from -r requirements.txt (line 3))
  Using cached matplotlib-3.8.0-cp312-cp312-win_amd64.whl.metadata (5.9 kB)
Collecting python-utils>=3.4.5 (from -r requirements.txt (line 4))
  Using cached python_utils-3.9.1-py2.py3-none-any.whl.metadata (9.8 kB)
Collecting xarray (from -r requirements.txt (line 5))
  Using cached xarray-2025.3.1-py3-none-any.whl.metadata (12 kB)
Requirement already satisfied: contourpy in c:\users\alex.britton\documents\delsystesting\v2_repo\lib\site-packages (from -r requirements.txt (line 6)) (1.3.2)
Requirement already satisfied: python-dotenv==1.1.0 in c:\users\alex.britton\documents\delsystesting\v2_repo\lib\site-packages (from -r requirements.txt (line 7)) (1.1.0)
Requirement already satisfied: tkcalendar==1.6.1 in c:\users\alex.britton\documents\delsystesting\v2_repo\lib\site-packages (from -r requirements.txt (line 8)) (1.6.1)
Collecting mysql-connector-python (from -r requirements.txt (line 9))
  Using cached mysql_connector_python-9.3.0-cp312-cp312-win_amd64.whl.metadata (7.7 kB)
Requirement already satisfied: scipy in c:\users\alex.britton\documents\delsystesting\v2_repo\lib\site-packages (from -r requirements.txt (line 10)) (1.15.2)
Collecting scikit-learn (from -r requirements.txt (line 11))
  Using cached scikit_learn-1.6.1-cp312-cp312-win_amd64.whl.metadata (15 kB)
Requirement already satisfied: pymysql in c:\users\alex.britton\documents\delsystesting\v2_repo\lib\site-packages (from -r requirements.txt (line 12)) (1.1.1)
Requirement already satisfied: PyWavelets in c:\users\alex.britton\documents\delsystesting\v2_repo\lib\site-packages (from -r requirements.txt (line 13)) (1.8.0)
Requirement already satisfied: babel==2.17.0 in c:\users\alex.britton\documents\delsystesting\v2_repo\lib\site-packages (from -r requirements.txt (line 14)) (2.17.0)
Collecting seaborn>=0.12.0 (from -r requirements.txt (line 15))
  Using cached seaborn-0.13.2-py3-none-any.whl.metadata (5.4 kB)
Collecting sqlalchemy>=2.0.0 (from -r requirements.txt (line 16))
  Using cached sqlalchemy-2.0.40-cp312-cp312-win_amd64.whl.metadata (9.9 kB)
Requirement already satisfied: python-dateutil>=2.8.2 in c:\users\alex.britton\documents\delsystesting\v2_repo\lib\site-packages (from pandas==2.1.4->-r requirements.txt (line 2)) (2.9.0.post0)
Requirement already satisfied: pytz>=2020.1 in c:\users\alex.britton\documents\delsystesting\v2_repo\lib\site-packages (from pandas==2.1.4->-r requirements.txt (line 2)) (2025.2)
Requirement already satisfied: tzdata>=2022.1 in c:\users\alex.britton\documents\delsystesting\v2_repo\lib\site-packages (from pandas==2.1.4->-r requirements.txt (line 2)) (2025.2)
Requirement already satisfied: cycler>=0.10 in c:\users\alex.britton\documents\delsystesting\v2_repo\lib\site-packages (from matplotlib==3.8.0->-r requirements.txt (line 3)) (0.12.1)
Requirement already satisfied: fonttools>=4.22.0 in c:\users\alex.britton\documents\delsystesting\v2_repo\lib\site-packages (from matplotlib==3.8.0->-r requirements.txt (line 3)) (4.57.0)
Requirement already satisfied: kiwisolver>=1.0.1 in c:\users\alex.britton\documents\delsystesting\v2_repo\lib\site-packages (from matplotlib==3.8.0->-r requirements.txt (line 3)) (1.4.8)
Requirement already satisfied: packaging>=20.0 in c:\users\alex.britton\documents\delsystesting\v2_repo\lib\site-packages (from matplotlib==3.8.0->-r requirements.txt (line 3)) (25.0)
Requirement already satisfied: pillow>=6.2.0 in c:\users\alex.britton\documents\delsystesting\v2_repo\lib\site-packages (from matplotlib==3.8.0->-r requirements.txt (line 3)) (11.2.1)
Requirement already satisfied: pyparsing>=2.3.1 in c:\users\alex.britton\documents\delsystesting\v2_repo\lib\site-packages (from matplotlib==3.8.0->-r requirements.txt (line 3)) (3.2.3)
Collecting typing_extensions>3.10.0.2 (from python-utils>=3.4.5->-r requirements.txt (line 4))
  Using cached typing_extensions-4.13.2-py3-none-any.whl.metadata (3.0 kB)
Collecting joblib>=1.2.0 (from scikit-learn->-r requirements.txt (line 11))
  Using cached joblib-1.4.2-py3-none-any.whl.metadata (5.4 kB)
Collecting threadpoolctl>=3.1.0 (from scikit-learn->-r requirements.txt (line 11))
  Using cached threadpoolctl-3.6.0-py3-none-any.whl.metadata (13 kB)
Collecting greenlet>=1 (from sqlalchemy>=2.0.0->-r requirements.txt (line 16))
  Using cached greenlet-3.2.1-cp312-cp312-win_amd64.whl.metadata (4.2 kB)
Requirement already satisfied: six>=1.5 in c:\users\alex.britton\documents\delsystesting\v2_repo\lib\site-packages (from python-dateutil>=2.8.2->pandas==2.1.4->-r requirements.txt (line 2)) (1.17.0)
Using cached numpy-1.26.4-cp312-cp312-win_amd64.whl (15.5 MB)
Using cached pandas-2.1.4-cp312-cp312-win_amd64.whl (10.5 MB)
Using cached matplotlib-3.8.0-cp312-cp312-win_amd64.whl (7.6 MB)
Using cached python_utils-3.9.1-py2.py3-none-any.whl (32 kB)
Using cached xarray-2025.3.1-py3-none-any.whl (1.3 MB)
Using cached mysql_connector_python-9.3.0-cp312-cp312-win_amd64.whl (16.4 MB)
Using cached scikit_learn-1.6.1-cp312-cp312-win_amd64.whl (11.1 MB)
Using cached seaborn-0.13.2-py3-none-any.whl (294 kB)
Using cached sqlalchemy-2.0.40-cp312-cp312-win_amd64.whl (2.1 MB)
Using cached greenlet-3.2.1-cp312-cp312-win_amd64.whl (296 kB)
Using cached joblib-1.4.2-py3-none-any.whl (301 kB)
Using cached threadpoolctl-3.6.0-py3-none-any.whl (18 kB)
Using cached typing_extensions-4.13.2-py3-none-any.whl (45 kB)
Installing collected packages: typing_extensions, threadpoolctl, numpy, mysql-connector-python, joblib, greenlet, sqlalchemy, python-utils, pandas, xarray, scikit-learn, matplotlib, seaborn
  Attempting uninstall: numpy
    Found existing installation: numpy 2.2.5
    Uninstalling numpy-2.2.5:
      Successfully uninstalled numpy-2.2.5
  WARNING: The script f2py.exe is installed in 'C:\Users\alex.britton\Documents\DelsysTesting\V2_REPO\Scripts' which is not on PATH.
  Consider adding this directory to PATH or, if you prefer to suppress this warning, use --no-warn-script-location.
  Attempting uninstall: pandas
    Found existing installation: pandas 2.2.3
    Uninstalling pandas-2.2.3:
      Successfully uninstalled pandas-2.2.3
  Attempting uninstall: matplotlib
    Found existing installation: matplotlib 3.10.1
    Uninstalling matplotlib-3.10.1:
      Successfully uninstalled matplotlib-3.10.1

Successfully installed greenlet-3.2.1 joblib-1.4.2 matplotlib-3.8.0 mysql-connector-python-9.3.0 numpy-1.26.4 pandas-2.1.4 python-utils-3.9.1 scikit-learn-1.6.1 seaborn-0.13.2 sqlalchemy-2.0.40 threadpoolctl-3.6.0 typing_extensions-4.13.2 xarray-2025.3.1
Installing additional required packages... 
Could not find platform independent libraries <prefix>
Collecting tqdm
  Using cached tqdm-4.67.1-py3-none-any.whl.metadata (57 kB)
Collecting colorama (from tqdm)
  Using cached colorama-0.4.6-py2.py3-none-any.whl.metadata (17 kB)
Using cached tqdm-4.67.1-py3-none-any.whl (78 kB)
Using cached colorama-0.4.6-py2.py3-none-any.whl (25 kB)
Installing collected packages: colorama, tqdm
  WARNING: The script tqdm.exe is installed in 'C:\Users\alex.britton\Documents\DelsysTesting\V2_REPO\Scripts' which is not on PATH.
  Consider adding this directory to PATH or, if you prefer to suppress this warning, use --no-warn-script-location.

Successfully installed colorama-0.4.6 tqdm-4.67.1
Could not find platform independent libraries <prefix>
Requirement already satisfied: python-dotenv in c:\users\alex.britton\documents\delsystesting\v2_repo\lib\site-packages (1.1.0)
Could not find platform independent libraries <prefix>
Requirement already satisfied: pymysql in c:\users\alex.britton\documents\delsystesting\v2_repo\lib\site-packages (1.1.1)
Checking for network drives... 
Found EMG_DATA_new in local directory 
Using data directory: EMG_DATA_new 
Running pipeline... 
Could not find platform independent libraries <prefix>
2025-04-29 16:34:02,860 - __main__ - INFO - Starting pipeline run at 2025-04-29 16:34:02.860659
2025-04-29 16:34:02,860 - __main__ - ERROR - Pipeline Error: Default data directory does not exist: M:\EMG_DATA_new
2025-04-29 16:34:02,860 - __main__ - INFO - Pipeline run completed at 2025-04-29 16:34:02.860659
Error: Pipeline failed with exit code 1 
