=============================================== 
EMG Pipeline Run - Tue 04/29/2025 16:28:22.95 
=============================================== 
Using Python: C:\Python312\python.exe 
Installing required packages... 
Could not find platform independent libraries <prefix>
Could not find platform independent libraries <prefix>
Looking in links: c:\Users\ALEX~1.BRI\AppData\Local\Temp\tmp2k101ay5
Processing c:\users\alex~1.bri\appdata\local\temp\tmp2k101ay5\pip-24.0-py3-none-any.whl
Installing collected packages: pip
  WARNING: The scripts pip3.12.exe and pip3.exe are installed in 'C:\Users\alex.britton\Documents\DelsysTesting\V2_REPO\Scripts' which is not on PATH.
  Consider adding this directory to PATH or, if you prefer to suppress this warning, use --no-warn-script-location.
Successfully installed pip-24.0
Could not find platform independent libraries <prefix>
Collecting python-dotenv
  Using cached python_dotenv-1.1.0-py3-none-any.whl.metadata (24 kB)
Using cached python_dotenv-1.1.0-py3-none-any.whl (20 kB)
Installing collected packages: python-dotenv
  WARNING: The script dotenv.exe is installed in 'C:\Users\alex.britton\Documents\DelsysTesting\V2_REPO\Scripts' which is not on PATH.
  Consider adding this directory to PATH or, if you prefer to suppress this warning, use --no-warn-script-location.
Successfully installed python-dotenv-1.1.0

[notice] A new release of pip is available: 24.0 -> 25.1
[notice] To update, run: C:\Python312\python.exe -m pip install --upgrade pip
Could not find platform independent libraries <prefix>
Collecting numpy
  Using cached numpy-2.2.5-cp312-cp312-win_amd64.whl.metadata (60 kB)
Collecting pandas
  Using cached pandas-2.2.3-cp312-cp312-win_amd64.whl.metadata (19 kB)
Collecting matplotlib
  Downloading matplotlib-3.10.1-cp312-cp312-win_amd64.whl.metadata (11 kB)
Collecting pymysql
  Using cached PyMySQL-1.1.1-py3-none-any.whl.metadata (4.4 kB)
Collecting scipy
  Using cached scipy-1.15.2-cp312-cp312-win_amd64.whl.metadata (60 kB)
Collecting python-dateutil>=2.8.2 (from pandas)
  Using cached python_dateutil-2.9.0.post0-py2.py3-none-any.whl.metadata (8.4 kB)
Collecting pytz>=2020.1 (from pandas)
  Using cached pytz-2025.2-py2.py3-none-any.whl.metadata (22 kB)
Collecting tzdata>=2022.7 (from pandas)
  Using cached tzdata-2025.2-py2.py3-none-any.whl.metadata (1.4 kB)
Collecting contourpy>=1.0.1 (from matplotlib)
  Using cached contourpy-1.3.2-cp312-cp312-win_amd64.whl.metadata (5.5 kB)
Collecting cycler>=0.10 (from matplotlib)
  Using cached cycler-0.12.1-py3-none-any.whl.metadata (3.8 kB)
Collecting fonttools>=4.22.0 (from matplotlib)
  Using cached fonttools-4.57.0-cp312-cp312-win_amd64.whl.metadata (104 kB)
Collecting kiwisolver>=1.3.1 (from matplotlib)
  Using cached kiwisolver-1.4.8-cp312-cp312-win_amd64.whl.metadata (6.3 kB)
Collecting packaging>=20.0 (from matplotlib)
  Downloading packaging-25.0-py3-none-any.whl.metadata (3.3 kB)
Collecting pillow>=8 (from matplotlib)
  Using cached pillow-11.2.1-cp312-cp312-win_amd64.whl.metadata (9.1 kB)
Collecting pyparsing>=2.3.1 (from matplotlib)
  Using cached pyparsing-3.2.3-py3-none-any.whl.metadata (5.0 kB)
Collecting six>=1.5 (from python-dateutil>=2.8.2->pandas)
  Using cached six-1.17.0-py2.py3-none-any.whl.metadata (1.7 kB)
Using cached numpy-2.2.5-cp312-cp312-win_amd64.whl (12.6 MB)
Using cached pandas-2.2.3-cp312-cp312-win_amd64.whl (11.5 MB)
Downloading matplotlib-3.10.1-cp312-cp312-win_amd64.whl (8.1 MB)
   ---------------------------------------- 8.1/8.1 MB 13.9 MB/s eta 0:00:00
Using cached PyMySQL-1.1.1-py3-none-any.whl (44 kB)
Using cached scipy-1.15.2-cp312-cp312-win_amd64.whl (40.9 MB)
Using cached contourpy-1.3.2-cp312-cp312-win_amd64.whl (223 kB)
Using cached cycler-0.12.1-py3-none-any.whl (8.3 kB)
Using cached fonttools-4.57.0-cp312-cp312-win_amd64.whl (2.2 MB)
Using cached kiwisolver-1.4.8-cp312-cp312-win_amd64.whl (71 kB)
Downloading packaging-25.0-py3-none-any.whl (66 kB)
   ---------------------------------------- 66.5/66.5 kB ? eta 0:00:00
Using cached pillow-11.2.1-cp312-cp312-win_amd64.whl (2.7 MB)
Using cached pyparsing-3.2.3-py3-none-any.whl (111 kB)
Using cached python_dateutil-2.9.0.post0-py2.py3-none-any.whl (229 kB)
Using cached pytz-2025.2-py2.py3-none-any.whl (509 kB)
Using cached tzdata-2025.2-py2.py3-none-any.whl (347 kB)
Using cached six-1.17.0-py2.py3-none-any.whl (11 kB)
Installing collected packages: pytz, tzdata, six, pyparsing, pymysql, pillow, packaging, numpy, kiwisolver, fonttools, cycler, scipy, python-dateutil, contourpy, pandas, matplotlib
  WARNING: The scripts f2py.exe and numpy-config.exe are installed in 'C:\Users\alex.britton\Documents\DelsysTesting\V2_REPO\Scripts' which is not on PATH.
  Consider adding this directory to PATH or, if you prefer to suppress this warning, use --no-warn-script-location.
  WARNING: The scripts fonttools.exe, pyftmerge.exe, pyftsubset.exe and ttx.exe are installed in 'C:\Users\alex.britton\Documents\DelsysTesting\V2_REPO\Scripts' which is not on PATH.
  Consider adding this directory to PATH or, if you prefer to suppress this warning, use --no-warn-script-location.
ERROR: pip's dependency resolver does not currently take into account all the packages that are installed. This behaviour is the source of the following dependency conflicts.
pyinstaller 6.12.0 requires altgraph, which is not installed.
pyinstaller 6.12.0 requires setuptools>=42.0.0, which is not installed.
pyinstaller-hooks-contrib 2025.2 requires setuptools>=42.0.0, which is not installed.
Successfully installed contourpy-1.3.2 cycler-0.12.1 fonttools-4.57.0 kiwisolver-1.4.8 matplotlib-3.10.1 numpy-2.2.5 packaging-25.0 pandas-2.2.3 pillow-11.2.1 pymysql-1.1.1 pyparsing-3.2.3 python-dateutil-2.9.0.post0 pytz-2025.2 scipy-1.15.2 six-1.17.0 tzdata-2025.2

[notice] A new release of pip is available: 24.0 -> 25.1
[notice] To update, run: C:\Python312\python.exe -m pip install --upgrade pip
Could not find platform independent libraries <prefix>
Collecting tkcalendar
  Using cached tkcalendar-1.6.1-py3-none-any.whl.metadata (22 kB)
Collecting PyWavelets
  Using cached pywavelets-1.8.0-cp312-cp312-win_amd64.whl.metadata (9.0 kB)
Collecting babel (from tkcalendar)
  Using cached babel-2.17.0-py3-none-any.whl.metadata (2.0 kB)
Requirement already satisfied: numpy<3,>=1.23 in c:\users\alex.britton\documents\delsystesting\v2_repo\lib\site-packages (from PyWavelets) (2.2.5)
Using cached tkcalendar-1.6.1-py3-none-any.whl (40 kB)
Using cached pywavelets-1.8.0-cp312-cp312-win_amd64.whl (4.2 MB)
Using cached babel-2.17.0-py3-none-any.whl (10.2 MB)
Installing collected packages: PyWavelets, babel, tkcalendar
  WARNING: The script pybabel.exe is installed in 'C:\Users\alex.britton\Documents\DelsysTesting\V2_REPO\Scripts' which is not on PATH.
  Consider adding this directory to PATH or, if you prefer to suppress this warning, use --no-warn-script-location.
Successfully installed PyWavelets-1.8.0 babel-2.17.0 tkcalendar-1.6.1

[notice] A new release of pip is available: 24.0 -> 25.1
[notice] To update, run: C:\Python312\python.exe -m pip install --upgrade pip
Checking M drive... 
Warning: M:\EMG_DATA_new not found 
Running pipeline... 
Could not find platform independent libraries <prefix>
Traceback (most recent call last):
  File "C:\Users\alex.britton\Documents\DelsysTesting\V2_REPO\main.py", line 16, in <module>
    from emg_pipeline import EMGPipeline
  File "C:\Users\alex.britton\Documents\DelsysTesting\V2_REPO\emg_pipeline.py", line 8, in <module>
    from tqdm import tqdm
ModuleNotFoundError: No module named 'tqdm'
Error: Pipeline failed with exit code 1 
Using data directory: EMG_DATA_new 
Running pipeline... 
Could not find platform independent libraries <prefix>
Traceback (most recent call last):
  File "C:\Users\alex.britton\Documents\DelsysTesting\V2_REPO\main.py", line 16, in <module>
    from emg_pipeline import EMGPipeline
  File "C:\Users\alex.britton\Documents\DelsysTesting\V2_REPO\emg_pipeline.py", line 8, in <module>
    from tqdm import tqdm
ModuleNotFoundError: No module named 'tqdm'
Error: Pipeline failed with exit code 1 
