=============================================== 
EMG Pipeline Run - Thu 05/01/2025  9:46:30.81 
=============================================== 
M: drive is already correctly mapped 
Using data directory: M:\EMG_DATA_new 
Using Python: C:\Python312\python.exe 
Python 3.12.4
Installing required packages... 
Could not find platform independent libraries <prefix>
Requirement already satisfied: numpy==1.26.4 in c:\users\alex.britton\documents\delsystesting\v2_repo\lib\site-packages (from -r requirements.txt (line 1)) (1.26.4)
Requirement already satisfied: pandas==2.1.4 in c:\users\alex.britton\documents\delsystesting\v2_repo\lib\site-packages (from -r requirements.txt (line 2)) (2.1.4)
Requirement already satisfied: matplotlib==3.8.0 in c:\users\alex.britton\documents\delsystesting\v2_repo\lib\site-packages (from -r requirements.txt (line 3)) (3.8.0)
Requirement already satisfied: python-utils>=3.4.5 in c:\users\alex.britton\documents\delsystesting\v2_repo\lib\site-packages (from -r requirements.txt (line 4)) (3.9.1)
Requirement already satisfied: xarray in c:\users\alex.britton\documents\delsystesting\v2_repo\lib\site-packages (from -r requirements.txt (line 5)) (2025.3.1)
Requirement already satisfied: contourpy in c:\users\alex.britton\documents\delsystesting\v2_repo\lib\site-packages (from -r requirements.txt (line 6)) (1.3.2)
Requirement already satisfied: python-dotenv==1.1.0 in c:\users\alex.britton\documents\delsystesting\v2_repo\lib\site-packages (from -r requirements.txt (line 7)) (1.1.0)
Requirement already satisfied: tkcalendar==1.6.1 in c:\users\alex.britton\documents\delsystesting\v2_repo\lib\site-packages (from -r requirements.txt (line 8)) (1.6.1)
Requirement already satisfied: mysql-connector-python in c:\users\alex.britton\documents\delsystesting\v2_repo\lib\site-packages (from -r requirements.txt (line 9)) (9.3.0)
Requirement already satisfied: scipy in c:\users\alex.britton\documents\delsystesting\v2_repo\lib\site-packages (from -r requirements.txt (line 10)) (1.15.2)
Requirement already satisfied: scikit-learn in c:\users\alex.britton\documents\delsystesting\v2_repo\lib\site-packages (from -r requirements.txt (line 11)) (1.6.1)
Requirement already satisfied: pymysql in c:\users\alex.britton\documents\delsystesting\v2_repo\lib\site-packages (from -r requirements.txt (line 12)) (1.1.1)
Requirement already satisfied: PyWavelets in c:\users\alex.britton\documents\delsystesting\v2_repo\lib\site-packages (from -r requirements.txt (line 13)) (1.8.0)
Requirement already satisfied: babel==2.17.0 in c:\users\alex.britton\documents\delsystesting\v2_repo\lib\site-packages (from -r requirements.txt (line 14)) (2.17.0)
Requirement already satisfied: seaborn>=0.12.0 in c:\users\alex.britton\documents\delsystesting\v2_repo\lib\site-packages (from -r requirements.txt (line 15)) (0.13.2)
Requirement already satisfied: sqlalchemy>=2.0.0 in c:\users\alex.britton\documents\delsystesting\v2_repo\lib\site-packages (from -r requirements.txt (line 16)) (2.0.40)
Requirement already satisfied: python-dateutil>=2.8.2 in c:\users\alex.britton\documents\delsystesting\v2_repo\lib\site-packages (from pandas==2.1.4->-r requirements.txt (line 2)) (2.9.0.post0)
Requirement already satisfied: pytz>=2020.1 in c:\users\alex.britton\documents\delsystesting\v2_repo\lib\site-packages (from pandas==2.1.4->-r requirements.txt (line 2)) (2025.2)
Requirement already satisfied: tzdata>=2022.1 in c:\users\alex.britton\documents\delsystesting\v2_repo\lib\site-packages (from pandas==2.1.4->-r requirements.txt (line 2)) (2025.2)
Requirement already satisfied: cycler>=0.10 in c:\users\alex.britton\documents\delsystesting\v2_repo\lib\site-packages (from matplotlib==3.8.0->-r requirements.txt (line 3)) (0.12.1)
Requirement already satisfied: fonttools>=4.22.0 in c:\users\alex.britton\documents\delsystesting\v2_repo\lib\site-packages (from matplotlib==3.8.0->-r requirements.txt (line 3)) (4.57.0)
Requirement already satisfied: kiwisolver>=1.0.1 in c:\users\alex.britton\documents\delsystesting\v2_repo\lib\site-packages (from matplotlib==3.8.0->-r requirements.txt (line 3)) (1.4.8)
Requirement already satisfied: packaging>=20.0 in c:\users\alex.britton\documents\delsystesting\v2_repo\lib\site-packages (from matplotlib==3.8.0->-r requirements.txt (line 3)) (25.0)
Requirement already satisfied: pillow>=6.2.0 in c:\users\alex.britton\documents\delsystesting\v2_repo\lib\site-packages (from matplotlib==3.8.0->-r requirements.txt (line 3)) (11.2.1)
Requirement already satisfied: pyparsing>=2.3.1 in c:\users\alex.britton\documents\delsystesting\v2_repo\lib\site-packages (from matplotlib==3.8.0->-r requirements.txt (line 3)) (3.2.3)
Requirement already satisfied: typing_extensions>3.10.0.2 in c:\users\alex.britton\documents\delsystesting\v2_repo\lib\site-packages (from python-utils>=3.4.5->-r requirements.txt (line 4)) (4.13.2)
Requirement already satisfied: joblib>=1.2.0 in c:\users\alex.britton\documents\delsystesting\v2_repo\lib\site-packages (from scikit-learn->-r requirements.txt (line 11)) (1.4.2)
Requirement already satisfied: threadpoolctl>=3.1.0 in c:\users\alex.britton\documents\delsystesting\v2_repo\lib\site-packages (from scikit-learn->-r requirements.txt (line 11)) (3.6.0)
Requirement already satisfied: greenlet>=1 in c:\users\alex.britton\documents\delsystesting\v2_repo\lib\site-packages (from sqlalchemy>=2.0.0->-r requirements.txt (line 16)) (3.2.1)
Requirement already satisfied: six>=1.5 in c:\users\alex.britton\documents\delsystesting\v2_repo\lib\site-packages (from python-dateutil>=2.8.2->pandas==2.1.4->-r requirements.txt (line 2)) (1.17.0)
Running EMG pipeline... 
Could not find platform independent libraries <prefix>
2025-05-01 09:46:37,242 - __main__ - INFO - Starting pipeline run at 2025-05-01 09:46:37.242108
2025-05-01 09:46:37,245 - emg_processor - INFO - EMG Processor initialized
2025-05-01 09:46:37,245 - db_connector - INFO - Database connector initialized
2025-05-01 09:46:37,245 - emg_pipeline - INFO - EMG Pipeline initialized with data directory: M:\EMG_DATA_new
2025-05-01 09:46:37,246 - emg_pipeline - INFO - Using batch size of 1000 for DB operations
2025-05-01 09:46:37,246 - emg_pipeline - INFO - Processing directory: M:\EMG_DATA_new (recursive=True)
2025-05-01 09:46:37,491 - db_connector - ERROR - Error connecting to database: (1045, "Access denied for user 'readonlyuser'@'172.16.70.71' (using password: YES)")
2025-05-01 09:46:37,492 - emg_pipeline - ERROR - Failed to connect to database
2025-05-01 09:46:37,492 - emg_pipeline - ERROR - Failed to setup database tables. Aborting.
2025-05-01 09:46:37,492 - __main__ - INFO - Directory processing complete.
2025-05-01 09:46:37,493 - __main__ - INFO - Successfully processed 0 of 0 files.
2025-05-01 09:46:37,493 - __main__ - INFO - Pipeline run completed at 2025-05-01 09:46:37.493678
Error: Pipeline failed with exit code 1 
=============================================== 
Pipeline run completed at Thu 05/01/2025  9:46:37.62 
=============================================== 
